<?xml version="1.0" encoding="UTF-8"?>
<testsuites name="fastlane">
  <testsuite name="deploy">
    <testcase name="0: cocoapods" time="19.398988"/>
    <testcase name="1: increment_build_number" time="0.985523"/>
    <testcase name="2: ipa" time="189.986728">
      <failure message="/Users/caoer115/.rvm/gems/ruby-2.0.0-p598/gems/fastlane-0.3.0/lib/fastlane/actions/actions_helper.rb:28:in `execute_action'&#10;/Users/caoer115/.rvm/gems/ruby-2.0.0-p598/gems/fastlane-0.3.0/lib/fastlane/fast_file.rb:81:in `block in method_missing'&#10;/Users/caoer115/.rvm/gems/ruby-2.0.0-p598/gems/fastlane-0.3.0/lib/fastlane/fast_file.rb:80:in `chdir'&#10;/Users/caoer115/.rvm/gems/ruby-2.0.0-p598/gems/fastlane-0.3.0/lib/fastlane/fast_file.rb:80:in `method_missing'&#10;(eval):17:in `block (2 levels) in parse'&#10;/Users/caoer115/.rvm/gems/ruby-2.0.0-p598/gems/fastlane-0.3.0/lib/fastlane/runner.rb:13:in `call'&#10;/Users/caoer115/.rvm/gems/ruby-2.0.0-p598/gems/fastlane-0.3.0/lib/fastlane/runner.rb:13:in `block in execute'&#10;/Users/caoer115/.rvm/gems/ruby-2.0.0-p598/gems/fastlane-0.3.0/lib/fastlane/runner.rb:12:in `chdir'&#10;/Users/caoer115/.rvm/gems/ruby-2.0.0-p598/gems/fastlane-0.3.0/lib/fastlane/runner.rb:12:in `execute'&#10;/Users/caoer115/.rvm/gems/ruby-2.0.0-p598/gems/fastlane-0.3.0/lib/fastlane/lane_manager.rb:29:in `block in cruise_lanes'&#10;/Users/caoer115/.rvm/gems/ruby-2.0.0-p598/gems/fastlane-0.3.0/lib/fastlane/lane_manager.rb:28:in `each'&#10;/Users/caoer115/.rvm/gems/ruby-2.0.0-p598/gems/fastlane-0.3.0/lib/fastlane/lane_manager.rb:28:in `cruise_lanes'&#10;/Users/caoer115/.rvm/gems/ruby-2.0.0-p598/gems/fastlane-0.3.0/bin/fastlane:32:in `block (2 levels) in run'&#10;/Users/caoer115/.rvm/gems/ruby-2.0.0-p598/gems/commander-4.3.0/lib/commander/command.rb:179:in `call'&#10;/Users/caoer115/.rvm/gems/ruby-2.0.0-p598/gems/commander-4.3.0/lib/commander/command.rb:179:in `call'&#10;/Users/caoer115/.rvm/gems/ruby-2.0.0-p598/gems/commander-4.3.0/lib/commander/command.rb:154:in `run'&#10;/Users/caoer115/.rvm/gems/ruby-2.0.0-p598/gems/commander-4.3.0/lib/commander/runner.rb:421:in `run_active_command'&#10;/Users/caoer115/.rvm/gems/ruby-2.0.0-p598/gems/commander-4.3.0/lib/commander/runner.rb:81:in `run!'&#10;/Users/caoer115/.rvm/gems/ruby-2.0.0-p598/gems/commander-4.3.0/lib/commander/delegates.rb:15:in `run!'&#10;/Users/caoer115/.rvm/gems/ruby-2.0.0-p598/gems/fastlane-0.3.0/bin/fastlane:60:in `run'&#10;/Users/caoer115/.rvm/gems/ruby-2.0.0-p598/gems/fastlane-0.3.0/bin/fastlane:64:in `&lt;top (required)&gt;'&#10;/Users/caoer115/.rvm/gems/ruby-2.0.0-p598/bin/fastlane:23:in `load'&#10;/Users/caoer115/.rvm/gems/ruby-2.0.0-p598/bin/fastlane:23:in `&lt;main&gt;'&#10;/Users/caoer115/.rvm/gems/ruby-2.0.0-p598/bin/ruby_executable_hooks:15:in `eval'&#10;/Users/caoer115/.rvm/gems/ruby-2.0.0-p598/bin/ruby_executable_hooks:15:in `&lt;main&gt;'&#10;&#10;Exit status of command 'ipa build -w &quot;Woke.xcworkspace&quot; -c &quot;Release&quot; -s &quot;Woke&quot;' was 256 instead of 0. &#10;     xcodebuild  Woke.xcworkspace&#10; [33mxcodebuild -sdk iphoneos -workspace &quot;Woke.xcworkspace&quot; -scheme &quot;Woke&quot; -configuration &quot;Release&quot; clean build archive 1&gt; /dev/null [0m&#10;2015-03-23 21:53:32.772 xcodebuild[2664:20805413] [MT] PluginLoading: Required plug-in compatibility UUID A16FF353-8441-459E-A50C-B071F53F51B7 for plug-in at path '~/Library/Application Support/Developer/Shared/Xcode/Plug-ins/OpenInTerminal.xcplugin' not present in DVTPlugInCompatibilityUUIDs&#10;2015-03-23 21:53:32.773 xcodebuild[2664:20805413] [MT] PluginLoading: Required plug-in compatibility UUID A16FF353-8441-459E-A50C-B071F53F51B7 for plug-in at path '~/Library/Application Support/Developer/Shared/Xcode/Plug-ins/KKHighlightRecentPlugin.xcplugin' not present in DVTPlugInCompatibilityUUIDs&#10;objc[2664]: Class XCBuildConfiguration is implemented in both /Applications/Xcode.app/Contents/PlugIns/Xcode3Core.ideplugin/Contents/Frameworks/DevToolsCore.framework/Versions/A/DevToolsCore and /Users/caoer115/Library/Application Support/Developer/Shared/Xcode/Plug-ins/Auto-Importer.xcplugin/Contents/MacOS/Auto-Importer. One of the two will be used. Which one is undefined.&#10;2015-03-23 21:53:37.685 xcodebuild[2664:20805559]  DeveloperPortal: Using pre-existing current store at URL (file:///Users/caoer115/Library/Developer/Xcode/DeveloperPortal%206.2.db).&#10;** BUILD FAILED **&#10;&#10;&#10;The following commands produced analyzer issues:&#10;&#9;AnalyzeShallow Woke/libraries/services/EWActivityManager.m&#10;&#9;AnalyzeShallow Woke/libraries/services/EWBackgroundingManager.m&#10;&#9;AnalyzeShallow Woke/libraries/services/PFObject+EWSync.m&#10;&#9;AnalyzeShallow Woke/libraries/services/EWServerObject+EWSync.m&#10;&#9;AnalyzeShallow Woke/libraries/services/EWMediaManager.m&#10;&#9;AnalyzeShallow Woke/libraries/segues/EWBlurPushSegue.m&#10;(6 commands with analyzer issues)&#10;&#10;The following build commands failed:&#10;&#9;CompileC /Users/caoer115/Library/Developer/Xcode/DerivedData/Woke-btvzmhwdknqutgfgrizpoedmqwcx/Build/Intermediates/Woke.build/Release-iphoneos/Woke.build/Objects-normal/armv7/EWBackgroundingManager.o Woke/libraries/services/EWBackgroundingManager.m normal armv7 objective-c com.apple.compilers.llvm.clang.1_0.compiler&#10;&#9;CompileC /Users/caoer115/Library/Developer/Xcode/DerivedData/Woke-btvzmhwdknqutgfgrizpoedmqwcx/Build/Intermediates/Woke.build/Release-iphoneos/Woke.build/Objects-normal/arm64/EWBackgroundingManager.o Woke/libraries/services/EWBackgroundingManager.m normal arm64 objective-c com.apple.compilers.llvm.clang.1_0.compiler&#10;&#9;AnalyzeShallow Woke/libraries/services/EWBackgroundingManager.m&#10;&#9;Ld /Users/caoer115/Library/Developer/Xcode/DerivedData/Woke-btvzmhwdknqutgfgrizpoedmqwcx/Build/Intermediates/Woke.build/Release-iphoneos/Woke.build/Objects-normal/arm64/Woke normal arm64&#10;&#9;Ld /Users/caoer115/Library/Developer/Xcode/DerivedData/Woke-btvzmhwdknqutgfgrizpoedmqwcx/Build/Intermediates/Woke.build/Release-iphoneos/Woke.build/Objects-normal/armv7/Woke normal armv7&#10;&#9;CreateUniversalBinary /Users/caoer115/Library/Developer/Xcode/DerivedData/Woke-btvzmhwdknqutgfgrizpoedmqwcx/Build/Products/Release-iphoneos/Woke.app/Woke normal armv7\ arm64&#10;&#9;GenerateDSYMFile /Users/caoer115/Library/Developer/Xcode/DerivedData/Woke-btvzmhwdknqutgfgrizpoedmqwcx/Build/Products/Release-iphoneos/Woke.app.dSYM /Users/caoer115/Library/Developer/Xcode/DerivedData/Woke-btvzmhwdknqutgfgrizpoedmqwcx/Build/Products/Release-iphoneos/Woke.app/Woke&#10;&#9;PhaseScriptExecution Run\ Script /Users/caoer115/Library/Developer/Xcode/DerivedData/Woke-btvzmhwdknqutgfgrizpoedmqwcx/Build/Intermediates/Woke.build/Release-iphoneos/Woke.build/Script-9B3895061A51394F004D4290.sh&#10;(8 failures)&#10;** ARCHIVE FAILED **&#10;&#10;&#10;The following commands produced analyzer issues:&#10;&#9;AnalyzeShallow Woke/libraries/services/EWActivityManager.m&#10;&#9;AnalyzeShallow Woke/libraries/services/EWBackgroundingManager.m&#10;&#9;AnalyzeShallow Woke/libraries/services/PFObject+EWSync.m&#10;&#9;AnalyzeShallow Woke/libraries/services/EWServerObject+EWSync.m&#10;&#9;AnalyzeShallow Woke/libraries/services/EWMediaManager.m&#10;&#9;AnalyzeShallow Woke/libraries/segues/EWBlurPushSegue.m&#10;(6 commands with analyzer issues)&#10;&#10;The following build commands failed:&#10;&#9;CompileC /Users/caoer115/Library/Developer/Xcode/DerivedData/Woke-btvzmhwdknqutgfgrizpoedmqwcx/Build/Intermediates/ArchiveIntermediates/Woke/IntermediateBuildFilesPath/Woke.build/Release-iphoneos/Woke.build/Objects-normal/armv7/EWBackgroundingManager.o Woke/libraries/services/EWBackgroundingManager.m normal armv7 objective-c com.apple.compilers.llvm.clang.1_0.compiler&#10;&#9;CompileC /Users/caoer115/Library/Developer/Xcode/DerivedData/Woke-btvzmhwdknqutgfgrizpoedmqwcx/Build/Intermediates/ArchiveIntermediates/Woke/IntermediateBuildFilesPath/Woke.build/Release-iphoneos/Woke.build/Objects-normal/arm64/EWBackgroundingManager.o Woke/libraries/services/EWBackgroundingManager.m normal arm64 objective-c com.apple.compilers.llvm.clang.1_0.compiler&#10;&#9;AnalyzeShallow Woke/libraries/services/EWBackgroundingManager.m&#10;&#9;Ld /Users/caoer115/Library/Developer/Xcode/DerivedData/Woke-btvzmhwdknqutgfgrizpoedmqwcx/Build/Intermediates/ArchiveIntermediates/Woke/IntermediateBuildFilesPath/Woke.build/Release-iphoneos/Woke.build/Objects-normal/armv7/Woke normal armv7&#10;&#9;Ld /Users/caoer115/Library/Developer/Xcode/DerivedData/Woke-btvzmhwdknqutgfgrizpoedmqwcx/Build/Intermediates/ArchiveIntermediates/Woke/IntermediateBuildFilesPath/Woke.build/Release-iphoneos/Woke.build/Objects-normal/arm64/Woke normal arm64&#10;&#9;CreateUniversalBinary /Users/caoer115/Library/Developer/Xcode/DerivedData/Woke-btvzmhwdknqutgfgrizpoedmqwcx/Build/Intermediates/ArchiveIntermediates/Woke/InstallationBuildProductsLocation/Applications/Woke.app/Woke normal armv7\ arm64&#10;&#9;GenerateDSYMFile /Users/caoer115/Library/Developer/Xcode/DerivedData/Woke-btvzmhwdknqutgfgrizpoedmqwcx/Build/Intermediates/ArchiveIntermediates/Woke/BuildProductsPath/Release-iphoneos/Woke.app.dSYM /Users/caoer115/Library/Developer/Xcode/DerivedData/Woke-btvzmhwdknqutgfgrizpoedmqwcx/Build/Intermediates/ArchiveIntermediates/Woke/InstallationBuildProductsLocation/Applications/Woke.app/Woke&#10;&#9;PhaseScriptExecution Run\ Script /Users/caoer115/Library/Developer/Xcode/DerivedData/Woke-btvzmhwdknqutgfgrizpoedmqwcx/Build/Intermediates/ArchiveIntermediates/Woke/IntermediateBuildFilesPath/Woke.build/Release-iphoneos/Woke.build/Script-9B3895061A51394F004D4290.sh&#10;&#9;Stripping /Users/caoer115/Library/Developer/Xcode/DerivedData/Woke-btvzmhwdknqutgfgrizpoedmqwcx/Build/Intermediates/ArchiveIntermediates/Woke/InstallationBuildProductsLocation/Applications/Woke.app/Woke&#10;(9 failures)&#10;"/>
    </testcase>
  </testsuite>
</testsuites>
